URL:                 http://craftwear.com.ua/?†?∞???????????????∞?????µ??????
–í–µ—Ä—Å–∏—è Magento:      2.40.1 (1.7.0.2)
–í–µ—Ä—Å–∏—è PHP:          5.4.43
–í—Ä–µ–º—è:               2016-01-11 12:31:42 MSK
–û—Ñ–æ—Ä–º–∏—Ç–µ–ª—å—Å–∫–∞—è —Ç–µ–º–∞: default / default
***********************************
Warning: json_encode(): Invalid UTF-8 sequence in argument  in /home3/pyavcom/public_html/craft3/app/code/local/Df/Core/lib/fp/serialize.php on line 68
***********************************
–§–∞–π–ª:        
–°—Ç—Ä–æ–∫–∞:      0
–°—É–±—ä–µ–∫—Ç:     json_encode
–û–±—ä–µ–∫—Ç:      mageCoreErrorHandler
–§–∞–π–ª:        app/code/local/Df/Core/lib/fp/serialize.php
–°—Ç—Ä–æ–∫–∞:      68
–°—É–±—ä–µ–∫—Ç:     rm_serialize_simple
–û–±—ä–µ–∫—Ç:      json_encode
–ö–æ–Ω—Ç–µ–∫—Å—Ç:    
		 * –ü–æ—ç—Ç–æ–º—É –∏—Å–ø–æ–ª—å–∑–æ–≤–∞–Ω–∏–µ Zend_Json::encode –≤—ã–≥–ª—è–¥–∏—Ç –±–æ–ª–µ–µ –ø—Ä–∞–≤–∏–ª—å–Ω—ã–º, —á–µ–º json_encode.
		 *
		 * $this->saveData($key, Zend_Json::encode($value));
		 *
		 * P.S. –û–Ω–æ, –∫–æ–Ω–µ—á–Ω–æ, –ø—Ä–∞–≤–∏–ª—å–Ω–µ–µ, –Ω–æ @see json_encode() —Ä–∞–±–æ—Ç–∞–µ—Ç –∑–∞–º–µ—Ç–Ω–æ –±—ã—Å—Ç—Ä–µ–µ,
		 * —á–µ–º –æ–±—ë—Ä—Ç–∫–∞ @see Zend_Json::encode()
		 */
		: json_encode($data)
	;
}

/**
 * @param string $data
 * @return mixed|Df_Core_Serializable|bool
 */
function rm_unserialize($data) {
************************************
–§–∞–π–ª:        app/code/local/Df/Core/Model/Abstract.php
–°—Ç—Ä–æ–∫–∞:      752
–°—É–±—ä–µ–∫—Ç:     Df_Core_Model_Abstract::cacheSaveProperty
–û–±—ä–µ–∫—Ç:      rm_serialize_simple
–ö–æ–Ω—Ç–µ–∫—Å—Ç:    
	 * @return void
	 */
	private function cacheSaveProperty($propertyName, $cacheKey) {
		$cacheKey = $cacheKey . $propertyName;
		/** @var string|bool $propertyValueSerialized */
		$propertyValueSerialized =
			isset($this->_cachedPropertiesSimpleMap[$propertyName])
			? rm_serialize_simple($this->$propertyName)
			: rm_serialize($this->$propertyName)
		;
		if ($propertyValueSerialized) {
			Mage::app()->getCacheInstance()->save(
				$data = $propertyValueSerialized
				,$id = $cacheKey
				,$tags = $this->getCacheTagsRm()
				,$lifeTime = $lifeTime = $this->getCacheLifetime()
************************************
–§–∞–π–ª:        app/code/local/Df/Core/Model/Abstract.php
–°—Ç—Ä–æ–∫–∞:      736
–°—É–±—ä–µ–∫—Ç:     Df_Core_Model_Abstract::cacheSaveArea
–û–±—ä–µ–∫—Ç:      Df_Core_Model_Abstract::cacheSaveProperty
–ö–æ–Ω—Ç–µ–∫—Å—Ç:    
								 */
								!isset($this->_cachedPropertiesLoaded[$propertyName])
							||
								isset($this->_cachedPropertiesModified[$propertyName])
						)

				) {
					$this->cacheSaveProperty($propertyName, $cacheKey);
				}
			}
		}
	}

	/**
	 * @param string $propertyName
	 * @param string $cacheKey
************************************
–§–∞–π–ª:        app/code/local/Df/Core/Model/Abstract.php
–°—Ç—Ä–æ–∫–∞:      703
–°—É–±—ä–µ–∫—Ç:     Df_Core_Model_Abstract::cacheSave
–û–±—ä–µ–∫—Ç:      Df_Core_Model_Abstract::cacheSaveArea
–ö–æ–Ω—Ç–µ–∫—Å—Ç:    
			 * (–≤—ã–∑–æ–≤ Mage::app()->getStore() –ø—Ä–∏–≤–æ–¥–∏—Ç –∫ –∏—Å–∫–ª—é—á–∏—Ç–µ–ª—å–Ω–æ–π —Å–∏—Ç—É–∞—Ü–∏–∏),
			 * –ø–æ—ç—Ç–æ–º—É –≤—ã–∑—ã–≤–∞–µ–º @see Df_Core_Model_Abstract::getCacheKeyPerStore()
			 * —Ç–æ–ª—å–∫–æ –µ—Å–ª–∏ –≤ —ç—Ç–æ–º –º–µ—Ç–æ–¥–µ –µ—Å—Ç—å —Ä–µ–∞–ª—å–Ω–∞—è –ø–æ—Ç—Ä–µ–±–Ω–æ—Å—Ç—å,
			 * —Ç.–µ. –µ—Å–ª–∏ –∫–ª–∞—Å—Å –¥–µ–π—Å—Ç–≤–∏—Ç–µ–ª—å–Ω–æ –∏–º–µ–µ—Ç —Å–≤–æ–π—Å—Ç–≤–∞, –ø–æ–¥–ª–µ–∂–∞—â–∏–µ –∫—ç—à–∏—Ä–æ–≤–∞–Ω–∏—é –≤ —Ä–∞–∑—Ä–µ–∑–µ –º–∞–≥–∞–∑–∏–Ω–∞,
			 * –∏ –µ—Å–ª–∏ —Ç–µ–∫—É—â–∏–π –º–∞–≥–∞–∑–∏–Ω —É–∂–µ –∏–Ω–∏—Ü–∏–∞–ª–∏–∑–∏—Ä–æ–≤–∞–Ω.
			 */
			if ($this->getPropertiesToCachePerStore() && Df_Core_Model_State::s()->isStoreInitialized()) {
				$this->cacheSaveArea($this->getPropertiesToCachePerStore(), $this->getCacheKeyPerStore());
			}
		}
		return $this;
	}

	/**
	 * @buyer {buyer}
	 * @param string[] $propertyNames
************************************
–§–∞–π–ª:        app/code/local/Df/Core/Model/Abstract.php
–°—Ç—Ä–æ–∫–∞:      49
–°—É–±—ä–µ–∫—Ç:     Df_Core_Model_Abstract::_destruct
–û–±—ä–µ–∫—Ç:      Df_Core_Model_Abstract::cacheSave
–ö–æ–Ω—Ç–µ–∫—Å—Ç:    
	 * –º–µ—Ç–æ–¥ @see Df_Core_Model_Abstract::_destruct()
	 * –±—É–¥–µ—Ç –≤—ã–∑–≤–∞–Ω –Ω–∞ —Å–æ–±—ã—Ç–∏–µ ¬´controller_front_send_response_after¬ª:
	 * @see Df_Core_Model_Dispatcher::controller_front_send_response_after().
	 *
	 * @override
	 * @return void
	 */
	public function _destruct() {$this->cacheSave();}

	/** @return string */
	public function _getModuleName() {
		if (!isset($this->{__METHOD__})) {
			$this->{__METHOD__} = df_a(explode('_', get_class($this)), 1);
		}
		return $this->{__METHOD__};
	}
************************************
–§–∞–π–ª:        app/code/local/Df/Core/Model/GlobalSingletonDestructor.php
–°—Ç—Ä–æ–∫–∞:      14
–°—É–±—ä–µ–∫—Ç:     Df_Core_Model_GlobalSingletonDestructor::process
–û–±—ä–µ–∫—Ç:      Df_Core_Model_Abstract::_destruct
–ö–æ–Ω—Ç–µ–∫—Å—Ç:    
* —Ç—Ä–µ–±—É–µ–º—ã–µ –¥–ª—è —Å–æ—Ö—Ä–∞–Ω–µ–Ω–∏—è –∫—ç—à–∞.
 */
class Df_Core_Model_GlobalSingletonDestructor extends Df_Core_Model_Abstract {
	/** @return void */
	public function process() {
		foreach ($this->_objects as $object) {
			/** @var Df_Core_Destructable $object */
			$object->_destruct();
		}
	}

	/**
	 * –û–±—Ä–∞—Ç–∏—Ç–µ –≤–Ω–∏–º–∞–Ω–∏–µ, —á—Ç–æ –ø–µ—Ä–≤—ã–π –ø–∞—Ä–∞–º–µ—Ç—Ä –≤–æ–≤—Å–µ –Ω–µ–æ–±—è–∑–∞—Ç–µ–ª—å–Ω–æ –±—É–¥–µ—Ç –∏–º–µ—Ç—å –∫–ª–∞—Å—Å @see Varien_Object.
	 * –ù–∞–ø—Ä–∏–º–µ—Ä, –∫–ª–∞—Å—Å @see Df_Eav_Model_Config,
	 * –∫–æ—Ç–æ—Ä—ã–π –≤—ã–∑—ã–≤–∞–µ—Ç –º–µ—Ç–æ–¥ @see Df_Core_Model_GlobalSingletonDestructor::register() –≤ —Å–≤–æ—ë–º –∫–æ–Ω—Å—Ç—Ä—É–∫—Ç–æ—Ä–µ,
	 * –Ω–µ –∏–º–µ–µ—Ç —Ç–∏–ø @see Varien_Object,
************************************
–§–∞–π–ª:        app/code/local/Df/Core/Model/Dispatcher.php
–°—Ç—Ä–æ–∫–∞:      154
–°—É–±—ä–µ–∫—Ç:     Df_Core_Model_Dispatcher::controller_front_send_response_after
–û–±—ä–µ–∫—Ç:      Df_Core_Model_GlobalSingletonDestructor::process
–ö–æ–Ω—Ç–µ–∫—Å—Ç:    
			 * –î–µ–∏–Ω–∏—Ü–∏–∞–ª–∏–∑–∞—Ü–∏—é –≥–ª–æ–±–∞–ª—å–Ω—ã—Ö –æ–±—ä–µ–∫—Ç–æ–≤-–æ–¥–∏–Ω–æ—á–µ–∫ (–Ω–∞–ø—Ä–∏–º–µ—Ä, —Å–æ—Ö—Ä–∞–Ω–µ–Ω–∏–µ –∫—ç—à–∞)
			 * –¥–µ–ª–∞–µ–º –Ω–µ –≤ –¥–µ—Å—Ç—Ä—É–∫—Ç–æ—Ä–µ, –∞ –Ω–∞ —Å–æ–±—ã—Ç–∏–µ controller_front_send_response_after.
			 * –ü–æ–ª–∞–≥–∞—Ç—å—Å—è –Ω–∞ –¥–µ—Å—Ç—Ä—É–∫—Ç–æ—Ä –¥–ª—è —Ç–∞–∫–∏—Ö –æ–±—ä–µ–∫—Ç–æ–≤ –Ω–µ–ª—å–∑—è,
			 * –ø–æ—Ç–æ–º—É —á—Ç–æ –∫ –º–æ–º–µ–Ω—Ç—É –≤—ã–∑–æ–≤–∞ –¥–µ—Å—Ç—Ä—É–∫—Ç–æ—Ä–∞ –¥–ª—è –¥–∞–Ω–Ω–æ–≥–æ –æ–±—ä–µ–∫—Ç–∞-–æ–¥–∏–Ω–æ—á–∫–∏
			 * —Å–±–æ—Ä—â–∏–∫ Zend Engine –º–æ–≥ —É–∂–µ —É–Ω–∏—á—Ç–æ–∂–∏—Ç—å –¥—Ä—É–≥–∏–µ –≥–ª–æ–±–∞–ª—å–Ω—ã–µ –æ–±—ä–µ–∫—Ç—ã,
			 * —Ç—Ä–µ–±—É–µ–º—ã–µ –¥–ª—è —Å–æ—Ö—Ä–∞–Ω–µ–Ω–∏—è –∫—ç—à–∞.
			 */
			Df_Core_Model_GlobalSingletonDestructor::s()->process();
		}
		catch(Exception $e) {
			df_handle_entry_point_exception($e);
		}
	}

	/**
	 * @param Varien_Event_Observer $observer
************************************
–§–∞–π–ª:        app/code/core/Mage/Core/Model/App.php
–°—Ç—Ä–æ–∫–∞:      1338
–°—É–±—ä–µ–∫—Ç:     Mage_Core_Model_App::_callObserverMethod
–û–±—ä–µ–∫—Ç:      Df_Core_Model_Dispatcher::controller_front_send_response_after
–ö–æ–Ω—Ç–µ–∫—Å—Ç:    
* @param Varien_Event_Observer $observer
     * @return Mage_Core_Model_App
     * @throws Mage_Core_Exception
     */
    protected function _callObserverMethod($object, $method, $observer)
    {
        if (method_exists($object, $method)) {
            $object->$method($observer);
        } elseif (Mage::getIsDeveloperMode()) {
            Mage::throwException('Method "'.$method.'" is not defined in "'.get_class($object).'"');
        }
        return $this;
    }

    public function setUpdateMode($value)
    {
************************************
–§–∞–π–ª:        app/code/core/Mage/Core/Model/App.php
–°—Ç—Ä–æ–∫–∞:      1317
–°—É–±—ä–µ–∫—Ç:     Mage_Core_Model_App::dispatchEvent
–û–±—ä–µ–∫—Ç:      Mage_Core_Model_App::_callObserverMethod
–ö–æ–Ω—Ç–µ–∫—Å—Ç:    
$object = Mage::getModel($obs['model']);
                        $this->_callObserverMethod($object, $method, $observer);
                        break;
                    default:
                        $method = $obs['method'];
                        $observer->addData($args);
                        $object = Mage::getSingleton($obs['model']);
                        $this->_callObserverMethod($object, $method, $observer);
                        break;
                }
                Varien_Profiler::stop('OBSERVER: '.$obsName);
            }
        }
        return $this;
    }
************************************
–§–∞–π–ª:        app/Mage.php
–°—Ç—Ä–æ–∫–∞:      447
–°—É–±—ä–µ–∫—Ç:     Mage::dispatchEvent
–û–±—ä–µ–∫—Ç:      Mage_Core_Model_App::dispatchEvent
–ö–æ–Ω—Ç–µ–∫—Å—Ç:    
* @param string $name
     * @param array $data
     * @return Mage_Core_Model_App
     */
    public static function dispatchEvent($name, array $data = array())
    {
        Varien_Profiler::start('DISPATCH EVENT:'.$name);
        $result = self::app()->dispatchEvent($name, $data);
        Varien_Profiler::stop('DISPATCH EVENT:'.$name);
        return $result;
    }

    /**
     * Retrieve model object
     *
     * @link    Mage_Core_Model_Config::getModelInstance
************************************
–§–∞–π–ª:        app/code/core/Mage/Core/Controller/Varien/Front.php
–°—Ç—Ä–æ–∫–∞:      190
–°—É–±—ä–µ–∫—Ç:     Mage_Core_Controller_Varien_Front::dispatch
–û–±—ä–µ–∫—Ç:      Mage::dispatchEvent
–ö–æ–Ω—Ç–µ–∫—Å—Ç:    
Mage::throwException('Front controller reached 100 router match iterations');
        }
        // This event gives possibility to launch something before sending output (allow cookie setting)
        Mage::dispatchEvent('controller_front_send_response_before', array('front'=>$this));
        Varien_Profiler::start('mage::app::dispatch::send_response');
        $this->getResponse()->sendResponse();
        Varien_Profiler::stop('mage::app::dispatch::send_response');
        Mage::dispatchEvent('controller_front_send_response_after', array('front'=>$this));
        return $this;
    }

    public function getRouterByRoute($routeName)
    {
        // empty route supplied - return base url
        if (empty($routeName)) {
            $router = $this->getRouter('standard');
************************************
–§–∞–π–ª:        app/code/core/Mage/Core/Model/App.php
–°—Ç—Ä–æ–∫–∞:      354
–°—É–±—ä–µ–∫—Ç:     Mage_Core_Model_App::run
–û–±—ä–µ–∫—Ç:      Mage_Core_Controller_Varien_Front::dispatch
–ö–æ–Ω—Ç–µ–∫—Å—Ç:    
$scopeCode = isset($params['scope_code']) ? $params['scope_code'] : '';
                $scopeType = isset($params['scope_type']) ? $params['scope_type'] : 'store';
                $this->_initCurrentStore($scopeCode, $scopeType);
                $this->_initRequest();
                Mage_Core_Model_Resource_Setup::applyAllDataUpdates();
            }

            $this->getFrontController()->dispatch();
        }
        return $this;
    }

    /**
     * Initialize PHP environment
     *
     * @return Mage_Core_Model_App
************************************
–§–∞–π–ª:        app/Mage.php
–°—Ç—Ä–æ–∫–∞:      683
–°—É–±—ä–µ–∫—Ç:     Mage::run
–û–±—ä–µ–∫—Ç:      Mage_Core_Model_App::run
–ö–æ–Ω—Ç–µ–∫—Å—Ç:    
self::$_events = new Varien_Event_Collection();
            self::_setIsInstalled($options);
            self::_setConfigModel($options);
            self::$_app->run(array(
                'scope_code' => $code,
                'scope_type' => $type,
                'options'    => $options,
            ));
            Varien_Profiler::stop('mage');
        } catch (Mage_Core_Model_Session_Exception $e) {
            header('Location: ' . self::getBaseUrl());
            die();
        } catch (Mage_Core_Model_Store_Exception $e) {
            require_once(self::getBaseDir() . DS . 'errors' . DS . '404.php');
            die();
        } catch (Exception $e) {
************************************
–§–∞–π–ª:        index.php
–°—Ç—Ä–æ–∫–∞:      87
–°—É–±—ä–µ–∫—Ç:     
–û–±—ä–µ–∫—Ç:      Mage::run
–ö–æ–Ω—Ç–µ–∫—Å—Ç:    
/* Store or website code */
$mageRunCode = isset($_SERVER['MAGE_RUN_CODE']) ? $_SERVER['MAGE_RUN_CODE'] : '';

/* Run store or run website */
$mageRunType = isset($_SERVER['MAGE_RUN_TYPE']) ? $_SERVER['MAGE_RUN_TYPE'] : 'store';

Mage::run($mageRunCode, $mageRunType);
************************************